<html>
<body>
<pre>
<h1>Vision Build Log</h1>
<h2>Tool Versions:</h2>
IDE-Version: μVision V5.30.0.0
Copyright (C) 2020 ARM Ltd and ARM Germany GmbH. All rights reserved.
License Information: 1 GAHO, 11, LIC=14HV2-9DSJ0-300NC-78QNT-NB0K4-C0ESP
 
Tool Versions:
Toolchain:       MDK-ARM Plus  Version: 5.30.0.0
Toolchain Path:  D:\Program Files\Keil_v5\ARM\ARMCC\Bin
C Compiler:      Armcc.exe V5.06 update 6 (build 750)
Assembler:       Armasm.exe V5.06 update 6 (build 750)
Linker/Locator:  ArmLink.exe V5.06 update 6 (build 750)
Library Manager: ArmAr.exe V5.06 update 6 (build 750)
Hex Converter:   FromElf.exe V5.06 update 6 (build 750)
CPU DLL:         SARMCM3.DLL V5.30.0.0
Dialog DLL:      DARMSTM.DLL V1.68.0.0 
<h2>Project:</h2>
F:\毕业设计\screen-bar-led\2.Code\STM32\screen-bar-led.uvproj
Project File Date:  04/04/2021

<h2>Output:</h2>
*** Using Compiler 'V5.06 update 6 (build 750)', folder: 'D:\Program Files\Keil_v5\ARM\ARMCC\Bin'
Rebuild target 'Target 1'
assembling startup_stm32f10x_md.s...
compiling core_cm3.c...
compiling stm32f10x_bkp.c...
compiling stm32f10x_gpio.c...
compiling system_stm32f10x.c...
compiling misc.c...
compiling stm32f10x_rcc.c...
compiling stm32f10x_usart.c...
compiling stm32f10x_pwr.c...
compiling stm32f10x_rtc.c...
compiling stm32f10x_flash.c...
compiling stm32f10x_i2c.c...
compiling main.c...
User\main.c(26): warning:  #223-D: function "WS2812B_Init" declared implicitly
  	WS2812B_Init();				 //WS2812B初始化
User\main.c(27): warning:  #223-D: function "TIM3_SetIRQHandler" declared implicitly
  	TIM3_SetIRQHandler(MainLoop);//TIM3中断初始化
User\main.c(28): error:  #165: too few arguments in function call
  	TIM3_Init();                 //TIM3中断初始化
User\main.c: 2 warnings, 1 error
compiling stm32f10x_it.c...
compiling stm32f10x_adc.c...
compiling stm32f10x_dma.c...
compiling delay.c...
compiling sys.c...
compiling tim.c...
compiling adc.c...
compiling usart.c...
compiling WS2812B.c...
Hardware\WS2812\WS2812B.c(2): error:  #5: cannot open source input file "TIM2.h": No such file or directory
  #include "TIM2.h"
Hardware\WS2812\WS2812B.c: 0 warnings, 1 error
compiling led.c...
compiling key.c...
".\OBJ\screen-bar-led.axf" - 2 Error(s), 2 Warning(s).
Target not created.
Build Time Elapsed:  00:00:04
</pre>
</body>
</html>
